current directory: /home/runner/work/lc-r/lc-r/.vendor/bundle/ruby/2.7.0/gems/unf_ext-0.0.8.2/ext/unf_ext
/opt/hostedtoolcache/Ruby/2.7.8/x64/bin/ruby -I /opt/hostedtoolcache/Ruby/2.7.8/x64/lib/ruby/2.7.0 -r ./siteconf20230427-6019-1bgco7w.rb extconf.rb
checking for -lstdc++... yes
creating Makefile

current directory: /home/runner/work/lc-r/lc-r/.vendor/bundle/ruby/2.7.0/gems/unf_ext-0.0.8.2/ext/unf_ext
make "DESTDIR=" clean
make[1]: Entering directory '/home/runner/work/lc-r/lc-r/.vendor/bundle/ruby/2.7.0/gems/unf_ext-0.0.8.2/ext/unf_ext'
Makefile:176: warning: overriding recipe for target 'clean'
 ˜ÀPÚU:176: warning: ignoring old recipe for target 'clean'
Makefile:183: warning: overriding recipe for target 'distclean'
 ˜ÀPÚU:183: warning: ignoring old recipe for target 'distclean'
Makefile:191: warning: overriding recipe for target 'install-so'
 ˜ÀPÚU:191: warning: ignoring old recipe for target 'install-so'
Makefile:201: warning: overriding recipe for target 'pre-install-rb-default'
 ˜ÀPÚU:201: warning: ignoring old recipe for target 'pre-install-rb-default'
Makefile:203: warning: overriding recipe for target '.sitearchdir.time'
 ˜ÀPÚU:203: warning: ignoring old recipe for target '.sitearchdir.time'
Makefile:213: warning: overriding recipe for target '.cc.o'
 ˜ÀPÚU:213: warning: ignoring old recipe for target '.cc.o'
Makefile:217: warning: overriding recipe for target '.cc.S'
 ˜ÀPÚU:217: warning: ignoring old recipe for target '.cc.S'
Makefile:221: warning: overriding recipe for target '.mm.o'
 ˜ÀPÚU:221: warning: ignoring old recipe for target '.mm.o'
Makefile:225: warning: overriding recipe for target '.mm.S'
 ˜ÀPÚU:225: warning: ignoring old recipe for target '.mm.S'
Makefile:229: warning: overriding recipe for target '.cxx.o'
 ˜ÀPÚU:229: warning: ignoring old recipe for target '.cxx.o'
Makefile:233: warning: overriding recipe for target '.cxx.S'
 ˜ÀPÚU:233: warning: ignoring old recipe for target '.cxx.S'
Makefile:237: warning: overriding recipe for target '.cpp.o'
 ˜ÀPÚU:237: warning: ignoring old recipe for target '.cpp.o'
Makefile:241: warning: overriding recipe for target '.cpp.S'
 ˜ÀPÚU:241: warning: ignoring old recipe for target '.cpp.S'
Makefile:245: warning: overriding recipe for target '.c.o'
 ˜ÀPÚU:245: warning: ignoring old recipe for target '.c.o'
Makefile:249: warning: overriding recipe for target '.c.S'
 ˜ÀPÚU:249: warning: ignoring old recipe for target '.c.S'
Makefile:253: warning: overriding recipe for target '.m.o'
 ˜ÀPÚU:253: warning: ignoring old recipe for target '.m.o'
Makefile:257: warning: overriding recipe for target '.m.S'
 ˜ÀPÚU:257: warning: ignoring old recipe for target '.m.S'
Makefile:261: warning: overriding recipe for target 'unf_ext.so'
 ˜ÀPÚU:261: warning: ignoring old recipe for target 'unf_ext.so'
make[1]: Leaving directory '/home/runner/work/lc-r/lc-r/.vendor/bundle/ruby/2.7.0/gems/unf_ext-0.0.8.2/ext/unf_ext'

current directory: /home/runner/work/lc-r/lc-r/.vendor/bundle/ruby/2.7.0/gems/unf_ext-0.0.8.2/ext/unf_ext
make "DESTDIR="
make[1]: Entering directory '/home/runner/work/lc-r/lc-r/.vendor/bundle/ruby/2.7.0/gems/unf_ext-0.0.8.2/ext/unf_ext'
Makefile:176: warning: overriding recipe for target 'clean'
 X°‹lU:176: warning: ignoring old recipe for target 'clean'
Makefile:183: warning: overriding recipe for target 'distclean'
 X°‹lU:183: warning: ignoring old recipe for target 'distclean'
Makefile:191: warning: overriding recipe for target 'install-so'
 X°‹lU:191: warning: ignoring old recipe for target 'install-so'
Makefile:201: warning: overriding recipe for target 'pre-install-rb-default'
 X°‹lU:201: warning: ignoring old recipe for target 'pre-install-rb-default'
Makefile:203: warning: overriding recipe for target '.sitearchdir.time'
 X°‹lU:203: warning: ignoring old recipe for target '.sitearchdir.time'
Makefile:213: warning: overriding recipe for target '.cc.o'
 X°‹lU:213: warning: ignoring old recipe for target '.cc.o'
Makefile:217: warning: overriding recipe for target '.cc.S'
 X°‹lU:217: warning: ignoring old recipe for target '.cc.S'
Makefile:221: warning: overriding recipe for target '.mm.o'
 X°‹lU:221: warning: ignoring old recipe for target '.mm.o'
Makefile:225: warning: overriding recipe for target '.mm.S'
 X°‹lU:225: warning: ignoring old recipe for target '.mm.S'
Makefile:229: warning: overriding recipe for target '.cxx.o'
 X°‹lU:229: warning: ignoring old recipe for target '.cxx.o'
Makefile:233: warning: overriding recipe for target '.cxx.S'
 X°‹lU:233: warning: ignoring old recipe for target '.cxx.S'
Makefile:237: warning: overriding recipe for target '.cpp.o'
 X°‹lU:237: warning: ignoring old recipe for target '.cpp.o'
Makefile:241: warning: overriding recipe for target '.cpp.S'
 X°‹lU:241: warning: ignoring old recipe for target '.cpp.S'
Makefile:245: warning: overriding recipe for target '.c.o'
 X°‹lU:245: warning: ignoring old recipe for target '.c.o'
Makefile:249: warning: overriding recipe for target '.c.S'
 X°‹lU:249: warning: ignoring old recipe for target '.c.S'
Makefile:253: warning: overriding recipe for target '.m.o'
 X°‹lU:253: warning: ignoring old recipe for target '.m.o'
Makefile:257: warning: overriding recipe for target '.m.S'
 X°‹lU:257: warning: ignoring old recipe for target '.m.S'
Makefile:261: warning: overriding recipe for target 'unf_ext.so'
 X°‹lU:261: warning: ignoring old recipe for target 'unf_ext.so'
compiling unf.cc
linking shared-object unf_ext.so
make[1]: Leaving directory '/home/runner/work/lc-r/lc-r/.vendor/bundle/ruby/2.7.0/gems/unf_ext-0.0.8.2/ext/unf_ext'

current directory: /home/runner/work/lc-r/lc-r/.vendor/bundle/ruby/2.7.0/gems/unf_ext-0.0.8.2/ext/unf_ext
make "DESTDIR=" install
make[1]: Entering directory '/home/runner/work/lc-r/lc-r/.vendor/bundle/ruby/2.7.0/gems/unf_ext-0.0.8.2/ext/unf_ext'
Makefile:176: warning: overriding recipe for target 'clean'
 èÑ^‚U:176: warning: ignoring old recipe for target 'clean'
Makefile:183: warning: overriding recipe for target 'distclean'
 èÑ^‚U:183: warning: ignoring old recipe for target 'distclean'
Makefile:191: warning: overriding recipe for target 'install-so'
 èÑ^‚U:191: warning: ignoring old recipe for target 'install-so'
Makefile:201: warning: overriding recipe for target 'pre-install-rb-default'
 èÑ^‚U:201: warning: ignoring old recipe for target 'pre-install-rb-default'
Makefile:203: warning: overriding recipe for target '.sitearchdir.time'
 èÑ^‚U:203: warning: ignoring old recipe for target '.sitearchdir.time'
Makefile:213: warning: overriding recipe for target '.cc.o'
 èÑ^‚U:213: warning: ignoring old recipe for target '.cc.o'
Makefile:217: warning: overriding recipe for target '.cc.S'
 èÑ^‚U:217: warning: ignoring old recipe for target '.cc.S'
Makefile:221: warning: overriding recipe for target '.mm.o'
 èÑ^‚U:221: warning: ignoring old recipe for target '.mm.o'
Makefile:225: warning: overriding recipe for target '.mm.S'
 èÑ^‚U:225: warning: ignoring old recipe for target '.mm.S'
Makefile:229: warning: overriding recipe for target '.cxx.o'
 èÑ^‚U:229: warning: ignoring old recipe for target '.cxx.o'
Makefile:233: warning: overriding recipe for target '.cxx.S'
 èÑ^‚U:233: warning: ignoring old recipe for target '.cxx.S'
Makefile:237: warning: overriding recipe for target '.cpp.o'
 èÑ^‚U:237: warning: ignoring old recipe for target '.cpp.o'
Makefile:241: warning: overriding recipe for target '.cpp.S'
 èÑ^‚U:241: warning: ignoring old recipe for target '.cpp.S'
Makefile:245: warning: overriding recipe for target '.c.o'
 èÑ^‚U:245: warning: ignoring old recipe for target '.c.o'
Makefile:249: warning: overriding recipe for target '.c.S'
 èÑ^‚U:249: warning: ignoring old recipe for target '.c.S'
Makefile:253: warning: overriding recipe for target '.m.o'
 èÑ^‚U:253: warning: ignoring old recipe for target '.m.o'
Makefile:257: warning: overriding recipe for target '.m.S'
 èÑ^‚U:257: warning: ignoring old recipe for target '.m.S'
Makefile:261: warning: overriding recipe for target 'unf_ext.so'
 èÑ^‚U:261: warning: ignoring old recipe for target 'unf_ext.so'
/usr/bin/install -c -m 0755 unf_ext.so ./.gem.20230427-6019-1fl9ga3
make[1]: Leaving directory '/home/runner/work/lc-r/lc-r/.vendor/bundle/ruby/2.7.0/gems/unf_ext-0.0.8.2/ext/unf_ext'
