current directory: /home/runner/work/lc-r/lc-r/.vendor/bundle/ruby/2.7.0/gems/http_parser.rb-0.8.0/ext/ruby_http_parser
/opt/hostedtoolcache/Ruby/2.7.8/x64/bin/ruby -I /opt/hostedtoolcache/Ruby/2.7.8/x64/lib/ruby/2.7.0 -r ./siteconf20230501-3666-18klnup.rb extconf.rb
creating Makefile

current directory: /home/runner/work/lc-r/lc-r/.vendor/bundle/ruby/2.7.0/gems/http_parser.rb-0.8.0/ext/ruby_http_parser
make "DESTDIR=" clean
make[1]: Entering directory '/home/runner/work/lc-r/lc-r/.vendor/bundle/ruby/2.7.0/gems/http_parser.rb-0.8.0/ext/ruby_http_parser'
Makefile:176: warning: overriding recipe for target 'clean'
@÷QªõU:176: warning: ignoring old recipe for target 'clean'
Makefile:183: warning: overriding recipe for target 'distclean'
@÷QªõU:183: warning: ignoring old recipe for target 'distclean'
Makefile:191: warning: overriding recipe for target 'install-so'
@÷QªõU:191: warning: ignoring old recipe for target 'install-so'
Makefile:201: warning: overriding recipe for target 'pre-install-rb-default'
@÷QªõU:201: warning: ignoring old recipe for target 'pre-install-rb-default'
Makefile:203: warning: overriding recipe for target '.sitearchdir.time'
@÷QªõU:203: warning: ignoring old recipe for target '.sitearchdir.time'
Makefile:213: warning: overriding recipe for target '.cc.o'
@÷QªõU:213: warning: ignoring old recipe for target '.cc.o'
Makefile:217: warning: overriding recipe for target '.cc.S'
@÷QªõU:217: warning: ignoring old recipe for target '.cc.S'
Makefile:221: warning: overriding recipe for target '.mm.o'
@÷QªõU:221: warning: ignoring old recipe for target '.mm.o'
Makefile:225: warning: overriding recipe for target '.mm.S'
@÷QªõU:225: warning: ignoring old recipe for target '.mm.S'
Makefile:229: warning: overriding recipe for target '.cxx.o'
@÷QªõU:229: warning: ignoring old recipe for target '.cxx.o'
Makefile:233: warning: overriding recipe for target '.cxx.S'
@÷QªõU:233: warning: ignoring old recipe for target '.cxx.S'
Makefile:237: warning: overriding recipe for target '.cpp.o'
@÷QªõU:237: warning: ignoring old recipe for target '.cpp.o'
Makefile:241: warning: overriding recipe for target '.cpp.S'
@÷QªõU:241: warning: ignoring old recipe for target '.cpp.S'
Makefile:245: warning: overriding recipe for target '.c.o'
@÷QªõU:245: warning: ignoring old recipe for target '.c.o'
Makefile:249: warning: overriding recipe for target '.c.S'
@÷QªõU:249: warning: ignoring old recipe for target '.c.S'
Makefile:253: warning: overriding recipe for target '.m.o'
@÷QªõU:253: warning: ignoring old recipe for target '.m.o'
Makefile:257: warning: overriding recipe for target '.m.S'
@÷QªõU:257: warning: ignoring old recipe for target '.m.S'
Makefile:261: warning: overriding recipe for target 'ruby_http_parser.so'
@÷QªõU:261: warning: ignoring old recipe for target 'ruby_http_parser.so'
make[1]: Leaving directory '/home/runner/work/lc-r/lc-r/.vendor/bundle/ruby/2.7.0/gems/http_parser.rb-0.8.0/ext/ruby_http_parser'

current directory: /home/runner/work/lc-r/lc-r/.vendor/bundle/ruby/2.7.0/gems/http_parser.rb-0.8.0/ext/ruby_http_parser
make "DESTDIR="
make[1]: Entering directory '/home/runner/work/lc-r/lc-r/.vendor/bundle/ruby/2.7.0/gems/http_parser.rb-0.8.0/ext/ruby_http_parser'
Makefile:176: warning: overriding recipe for target 'clean'
@÷­vV:176: warning: ignoring old recipe for target 'clean'
Makefile:183: warning: overriding recipe for target 'distclean'
@÷­vV:183: warning: ignoring old recipe for target 'distclean'
Makefile:191: warning: overriding recipe for target 'install-so'
@÷­vV:191: warning: ignoring old recipe for target 'install-so'
Makefile:201: warning: overriding recipe for target 'pre-install-rb-default'
@÷­vV:201: warning: ignoring old recipe for target 'pre-install-rb-default'
Makefile:203: warning: overriding recipe for target '.sitearchdir.time'
@÷­vV:203: warning: ignoring old recipe for target '.sitearchdir.time'
Makefile:213: warning: overriding recipe for target '.cc.o'
@÷­vV:213: warning: ignoring old recipe for target '.cc.o'
Makefile:217: warning: overriding recipe for target '.cc.S'
@÷­vV:217: warning: ignoring old recipe for target '.cc.S'
Makefile:221: warning: overriding recipe for target '.mm.o'
@÷­vV:221: warning: ignoring old recipe for target '.mm.o'
Makefile:225: warning: overriding recipe for target '.mm.S'
@÷­vV:225: warning: ignoring old recipe for target '.mm.S'
Makefile:229: warning: overriding recipe for target '.cxx.o'
@÷­vV:229: warning: ignoring old recipe for target '.cxx.o'
Makefile:233: warning: overriding recipe for target '.cxx.S'
@÷­vV:233: warning: ignoring old recipe for target '.cxx.S'
Makefile:237: warning: overriding recipe for target '.cpp.o'
@÷­vV:237: warning: ignoring old recipe for target '.cpp.o'
Makefile:241: warning: overriding recipe for target '.cpp.S'
@÷­vV:241: warning: ignoring old recipe for target '.cpp.S'
Makefile:245: warning: overriding recipe for target '.c.o'
@÷­vV:245: warning: ignoring old recipe for target '.c.o'
Makefile:249: warning: overriding recipe for target '.c.S'
@÷­vV:249: warning: ignoring old recipe for target '.c.S'
Makefile:253: warning: overriding recipe for target '.m.o'
@÷­vV:253: warning: ignoring old recipe for target '.m.o'
Makefile:257: warning: overriding recipe for target '.m.S'
@÷­vV:257: warning: ignoring old recipe for target '.m.S'
Makefile:261: warning: overriding recipe for target 'ruby_http_parser.so'
@÷­vV:261: warning: ignoring old recipe for target 'ruby_http_parser.so'
compiling ruby_http_parser.c
compiling ryah_http_parser.c
linking shared-object ruby_http_parser.so
make[1]: Leaving directory '/home/runner/work/lc-r/lc-r/.vendor/bundle/ruby/2.7.0/gems/http_parser.rb-0.8.0/ext/ruby_http_parser'

current directory: /home/runner/work/lc-r/lc-r/.vendor/bundle/ruby/2.7.0/gems/http_parser.rb-0.8.0/ext/ruby_http_parser
make "DESTDIR=" install
make[1]: Entering directory '/home/runner/work/lc-r/lc-r/.vendor/bundle/ruby/2.7.0/gems/http_parser.rb-0.8.0/ext/ruby_http_parser'
Makefile:176: warning: overriding recipe for target 'clean'
@7€ƒ^U:176: warning: ignoring old recipe for target 'clean'
Makefile:183: warning: overriding recipe for target 'distclean'
@7€ƒ^U:183: warning: ignoring old recipe for target 'distclean'
Makefile:191: warning: overriding recipe for target 'install-so'
@7€ƒ^U:191: warning: ignoring old recipe for target 'install-so'
Makefile:201: warning: overriding recipe for target 'pre-install-rb-default'
@7€ƒ^U:201: warning: ignoring old recipe for target 'pre-install-rb-default'
Makefile:203: warning: overriding recipe for target '.sitearchdir.time'
@7€ƒ^U:203: warning: ignoring old recipe for target '.sitearchdir.time'
Makefile:213: warning: overriding recipe for target '.cc.o'
@7€ƒ^U:213: warning: ignoring old recipe for target '.cc.o'
Makefile:217: warning: overriding recipe for target '.cc.S'
@7€ƒ^U:217: warning: ignoring old recipe for target '.cc.S'
Makefile:221: warning: overriding recipe for target '.mm.o'
@7€ƒ^U:221: warning: ignoring old recipe for target '.mm.o'
Makefile:225: warning: overriding recipe for target '.mm.S'
@7€ƒ^U:225: warning: ignoring old recipe for target '.mm.S'
Makefile:229: warning: overriding recipe for target '.cxx.o'
@7€ƒ^U:229: warning: ignoring old recipe for target '.cxx.o'
Makefile:233: warning: overriding recipe for target '.cxx.S'
@7€ƒ^U:233: warning: ignoring old recipe for target '.cxx.S'
Makefile:237: warning: overriding recipe for target '.cpp.o'
@7€ƒ^U:237: warning: ignoring old recipe for target '.cpp.o'
Makefile:241: warning: overriding recipe for target '.cpp.S'
@7€ƒ^U:241: warning: ignoring old recipe for target '.cpp.S'
Makefile:245: warning: overriding recipe for target '.c.o'
@7€ƒ^U:245: warning: ignoring old recipe for target '.c.o'
Makefile:249: warning: overriding recipe for target '.c.S'
@7€ƒ^U:249: warning: ignoring old recipe for target '.c.S'
Makefile:253: warning: overriding recipe for target '.m.o'
@7€ƒ^U:253: warning: ignoring old recipe for target '.m.o'
Makefile:257: warning: overriding recipe for target '.m.S'
@7€ƒ^U:257: warning: ignoring old recipe for target '.m.S'
Makefile:261: warning: overriding recipe for target 'ruby_http_parser.so'
@7€ƒ^U:261: warning: ignoring old recipe for target 'ruby_http_parser.so'
/usr/bin/install -c -m 0755 ruby_http_parser.so ./.gem.20230501-3666-h6ybff
make[1]: Leaving directory '/home/runner/work/lc-r/lc-r/.vendor/bundle/ruby/2.7.0/gems/http_parser.rb-0.8.0/ext/ruby_http_parser'
